#
# A fatal error has been detected by the Java Runtime Environment:
#
#  EXCEPTION_ACCESS_VIOLATION (0xc0000005) at pc=0x6e9820fb, pid=7708, tid=5812
#
# JRE version: 7.0_21-b11
# Java VM: Java HotSpot(TM) Client VM (23.21-b01 mixed mode windows-x86 )
# Problematic frame:
# V  [jvm.dll+0xc20fb]
#
# Failed to write core dump. Minidumps are not enabled by default on client versions of Windows
#
# If you would like to submit a bug report, please visit:
#   http://bugreport.sun.com/bugreport/crash.jsp
#

---------------  T H R E A D  ---------------

Current thread (0x00fd2400):  JavaThread "JDWP Transport Listener: dt_socket" daemon [_thread_in_vm, id=5812, stack(0x032b0000,0x03300000)]

siginfo: ExceptionCode=0xc0000005, reading address 0x00003b33

Registers:
EAX=0x00003b33, EBX=0x00000000, ECX=0x00003b33, EDX=0x00000000
ESP=0x032ffbcc, EBP=0x032ffbd0, ESI=0x00fd2400, EDI=0x00a875a8
EIP=0x6e9820fb, EFLAGS=0x00010206

Top of Stack: (sp=0x032ffbcc)
0x032ffbcc:   00fd2400 032ffbfc 6eaa6daa 00003b33
0x032ffbdc:   032ffcb4 032ffc37 00fd2400 00000000
0x032ffbec:   00000000 00000000 00fd2400 00fd2400
0x032ffbfc:   032ffc38 6d6d9d5c 00a875a8 00003b33
0x032ffc0c:   032ffc37 00003b33 6d6c436d 00003b33
0x032ffc1c:   032ffc37 00000005 00000000 00000000
0x032ffc2c:   00000002 00000000 00118608 032ffc58
0x032ffc3c:   6d6c44e0 00000001 032ffc74 032ffcb0 

Instructions: (pc=0x6e9820fb)
0x6e9820db:   0c 5f 5e 5d c2 0c 00 cc cc cc cc cc cc cc cc cc
0x6e9820eb:   cc cc cc cc cc 55 8b ec 8b 45 08 56 85 c0 74 28
0x6e9820fb:   8b 30 85 f6 74 22 81 fe fe fe fe fe 74 1a 8b 4e
0x6e98210b:   04 8b 41 08 8b 90 90 00 00 00 83 c1 08 ff d2 84 


Register to memory mapping:

EAX=0x00003b33 is an unknown value
EBX=0x00000000 is an unknown value
ECX=0x00003b33 is an unknown value
EDX=0x00000000 is an unknown value
ESP=0x032ffbcc is pointing into the stack for thread: 0x00fd2400
EBP=0x032ffbd0 is pointing into the stack for thread: 0x00fd2400
ESI=0x00fd2400 is a thread
EDI=0x00a875a8 is an unknown value


Stack: [0x032b0000,0x03300000],  sp=0x032ffbcc,  free space=318k
Native frames: (J=compiled Java code, j=interpreted, Vv=VM code, C=native code)
V  [jvm.dll+0xc20fb]
V  [jvm.dll+0x1e6daa]
C  [jdwp.dll+0x19d5c]
C  [jdwp.dll+0x44e0]
C  [jdwp.dll+0x451e]


---------------  P R O C E S S  ---------------

Java Threads: ( => current thread )
  0x010c8800 JavaThread "ReaderThread" [_thread_in_native, id=3160, stack(0x03490000,0x034e0000)]
  0x00fe1000 JavaThread "Service Thread" daemon [_thread_blocked, id=5944, stack(0x033f0000,0x03440000)]
  0x00fde400 JavaThread "C1 CompilerThread0" daemon [_thread_blocked, id=1528, stack(0x033a0000,0x033f0000)]
  0x00fd6400 JavaThread "JDWP Command Reader" daemon [_thread_in_native, id=3684, stack(0x03350000,0x033a0000)]
  0x00fd4800 JavaThread "JDWP Event Helper Thread" daemon [_thread_blocked, id=4092, stack(0x03300000,0x03350000)]
=>0x00fd2400 JavaThread "JDWP Transport Listener: dt_socket" daemon [_thread_in_vm, id=5812, stack(0x032b0000,0x03300000)]
  0x00fc5c00 JavaThread "Attach Listener" daemon [_thread_blocked, id=5972, stack(0x011f0000,0x01240000)]
  0x00fc4800 JavaThread "Signal Dispatcher" daemon [_thread_blocked, id=4464, stack(0x011a0000,0x011f0000)]
  0x00d58c00 JavaThread "Finalizer" daemon [_thread_blocked, id=4580, stack(0x00f50000,0x00fa0000)]
  0x00d53c00 JavaThread "Reference Handler" daemon [_thread_blocked, id=3496, stack(0x00f00000,0x00f50000)]
  0x00a8a800 JavaThread "main" [_thread_blocked, id=5408, stack(0x00b70000,0x00bc0000)]

Other Threads:
  0x00d4e000 VMThread [stack: 0x00eb0000,0x00f00000] [id=5092]
  0x00ff4400 WatcherThread [stack: 0x03440000,0x03490000] [id=2644]

VM state:not at safepoint (normal execution)

VM Mutex/Monitor currently owned by a thread: None

Heap
 def new generation   total 4928K, used 1732K [0x10050000, 0x105a0000, 0x155a0000)
  eden space 4416K,  27% used [0x10050000, 0x10181318, 0x104a0000)
  from space 512K, 100% used [0x10520000, 0x105a0000, 0x105a0000)
  to   space 512K,   0% used [0x104a0000, 0x104a0000, 0x10520000)
 tenured generation   total 10944K, used 684K [0x155a0000, 0x16050000, 0x20050000)
   the space 10944K,   6% used [0x155a0000, 0x1564b170, 0x1564b200, 0x16050000)
 compacting perm gen  total 12288K, used 4386K [0x20050000, 0x20c50000, 0x24050000)
   the space 12288K,  35% used [0x20050000, 0x20498be8, 0x20498c00, 0x20c50000)
No shared spaces configured.

Card table byte_map: [0x00d70000,0x00e20000] byte_map_base: 0x00cefd80

Polling page: 0x00bc0000

Code Cache  [0x01290000, 0x01360000, 0x03290000)
 total_blobs=267 nmethods=117 adapters=93 free_code_cache=31938Kb largest_free_block=32705152

Compilation events (10 events):
Event: 3.185 Thread 0x00fde400  113             java.util.ArrayList$Itr::checkForComodification (23 bytes)
Event: 3.185 Thread 0x00fde400 nmethod 113 0x0135a908 code [0x0135aa20, 0x0135ab2c]
Event: 3.185 Thread 0x00fde400  114             java.util.ArrayList$Itr::next (66 bytes)
Event: 3.185 Thread 0x00fde400 nmethod 114 0x0135ac08 code [0x0135ad60, 0x0135afb4]
Event: 3.185 Thread 0x00fde400  115             sun.nio.cs.UTF_8$Encoder::encodeArrayLoop (489 bytes)
Event: 3.188 Thread 0x00fde400 nmethod 115 0x0135b2c8 code [0x0135b6c0, 0x0135c4e4]
Event: 3.188 Thread 0x00fde400  116             java.util.HashMap::<init> (165 bytes)
Event: 3.189 Thread 0x00fde400 nmethod 116 0x0135e488 code [0x0135e670, 0x0135ed70]
Event: 3.189 Thread 0x00fde400  117             java.lang.StringBuilder::<init> (7 bytes)
Event: 3.189 Thread 0x00fde400 nmethod 117 0x0135f308 code [0x0135f400, 0x0135f510]

GC Heap History (2 events):
Event: 0.281 GC heap before
{Heap before GC invocations=0 (full 0):
 def new generation   total 4928K, used 4413K [0x10050000, 0x105a0000, 0x155a0000)
  eden space 4416K,  99% used [0x10050000, 0x1049f5a8, 0x104a0000)
  from space 512K,   0% used [0x104a0000, 0x104a0000, 0x10520000)
  to   space 512K,   0% used [0x10520000, 0x10520000, 0x105a0000)
 tenured generation   total 10944K, used 0K [0x155a0000, 0x16050000, 0x20050000)
   the space 10944K,   0% used [0x155a0000, 0x155a0000, 0x155a0200, 0x16050000)
 compacting perm gen  total 12288K, used 3732K [0x20050000, 0x20c50000, 0x24050000)
   the space 12288K,  30% used [0x20050000, 0x203f5088, 0x203f5200, 0x20c50000)
No shared spaces configured.
Event: 0.284 GC heap after
Heap after GC invocations=1 (full 0):
 def new generation   total 4928K, used 512K [0x10050000, 0x105a0000, 0x155a0000)
  eden space 4416K,   0% used [0x10050000, 0x10050000, 0x104a0000)
  from space 512K, 100% used [0x10520000, 0x105a0000, 0x105a0000)
  to   space 512K,   0% used [0x104a0000, 0x104a0000, 0x10520000)
 tenured generation   total 10944K, used 684K [0x155a0000, 0x16050000, 0x20050000)
   the space 10944K,   6% used [0x155a0000, 0x1564b170, 0x1564b200, 0x16050000)
 compacting perm gen  total 12288K, used 3732K [0x20050000, 0x20c50000, 0x24050000)
   the space 12288K,  30% used [0x20050000, 0x203f5088, 0x203f5200, 0x20c50000)
No shared spaces configured.
}

Deoptimization events (0 events):
No events

Internal exceptions (10 events):
Event: 0.307 Thread 0x00a8a800 Threw 0x10117dd8 at C:\jdk7u2_32P\jdk7u21\hotspot\src\share\vm\prims\jvm.cpp:1166
Event: 0.307 Thread 0x00a8a800 Threw 0x101184f0 at C:\jdk7u2_32P\jdk7u21\hotspot\src\share\vm\prims\jvm.cpp:1166
Event: 0.307 Thread 0x00a8a800 Threw 0x1011b170 at C:\jdk7u2_32P\jdk7u21\hotspot\src\share\vm\prims\jvm.cpp:1166
Event: 0.307 Thread 0x00a8a800 Threw 0x1011b3f8 at C:\jdk7u2_32P\jdk7u21\hotspot\src\share\vm\classfile\systemDictionary.cpp:179
Event: 0.316 Thread 0x00a8a800 Threw 0x10127108 at C:\jdk7u2_32P\jdk7u21\hotspot\src\share\vm\prims\jvm.cpp:1166
Event: 0.317 Thread 0x00a8a800 Threw 0x1012ae08 at C:\jdk7u2_32P\jdk7u21\hotspot\src\share\vm\prims\jvm.cpp:1166
Event: 0.317 Thread 0x00a8a800 Threw 0x1012e618 at C:\jdk7u2_32P\jdk7u21\hotspot\src\share\vm\prims\jvm.cpp:1166
Event: 0.318 Thread 0x00a8a800 Threw 0x10132cf8 at C:\jdk7u2_32P\jdk7u21\hotspot\src\share\vm\prims\jvm.cpp:1166
Event: 0.318 Thread 0x00a8a800 Threw 0x10136078 at C:\jdk7u2_32P\jdk7u21\hotspot\src\share\vm\prims\jvm.cpp:1166
Event: 3.180 Thread 0x00a8a800 Threw 0x1013a390 at C:\jdk7u2_32P\jdk7u21\hotspot\src\share\vm\prims\jvm.cpp:1166

Events (10 events):
Event: 1540.159 Executing VM operation: RedefineClasses
Event: 1540.159 Executing VM operation: RedefineClasses done
Event: 1561.161 Executing VM operation: RedefineClasses
Event: 1561.162 Executing VM operation: RedefineClasses done
Event: 1809.378 Executing VM operation: GetOrSetLocal
Event: 1809.378 Executing VM operation: GetOrSetLocal done
Event: 1940.580 Executing VM operation: RedefineClasses
Event: 1940.580 Executing VM operation: RedefineClasses done
Event: 2100.125 Executing VM operation: RedefineClasses
Event: 2100.126 Executing VM operation: RedefineClasses done


Dynamic libraries:
0x00400000 - 0x0042f000 	C:\work\apps\jdk1.7.0_21\bin\javaw.exe
0x7c900000 - 0x7c9b2000 	C:\WINDOWS\system32\ntdll.dll
0x7c800000 - 0x7c8f6000 	C:\WINDOWS\system32\kernel32.dll
0x5dd60000 - 0x5ddce000 	C:\WINDOWS\System32\SYSFER.DLL
0x77dd0000 - 0x77e6b000 	C:\WINDOWS\system32\ADVAPI32.dll
0x77e70000 - 0x77f03000 	C:\WINDOWS\system32\RPCRT4.dll
0x77fe0000 - 0x77ff1000 	C:\WINDOWS\system32\Secur32.dll
0x7e410000 - 0x7e4a1000 	C:\WINDOWS\system32\USER32.dll
0x77f10000 - 0x77f5a000 	C:\WINDOWS\system32\GDI32.dll
0x773d0000 - 0x774d3000 	C:\WINDOWS\WinSxS\x86_Microsoft.Windows.Common-Controls_6595b64144ccf1df_6.0.2600.6028_x-ww_61e65202\COMCTL32.dll
0x77c10000 - 0x77c68000 	C:\WINDOWS\system32\msvcrt.dll
0x77f60000 - 0x77fd7000 	C:\WINDOWS\system32\SHLWAPI.dll
0x76390000 - 0x763ad000 	C:\WINDOWS\system32\IMM32.DLL
0x10000000 - 0x10042000 	C:\WINDOWS\system32\sxwmon32.dll
0x7c9c0000 - 0x7d1d8000 	C:\WINDOWS\system32\SHELL32.dll
0x774e0000 - 0x7761e000 	C:\WINDOWS\system32\ole32.dll
0x77120000 - 0x771ab000 	C:\WINDOWS\system32\OLEAUT32.dll
0x78aa0000 - 0x78b5e000 	C:\work\apps\jdk1.7.0_21\jre\bin\msvcr100.dll
0x6e8c0000 - 0x6ec0f000 	C:\work\apps\jdk1.7.0_21\jre\bin\client\jvm.dll
0x71ad0000 - 0x71ad9000 	C:\WINDOWS\system32\WSOCK32.dll
0x71ab0000 - 0x71ac7000 	C:\WINDOWS\system32\WS2_32.dll
0x71aa0000 - 0x71aa8000 	C:\WINDOWS\system32\WS2HELP.dll
0x76b40000 - 0x76b6d000 	C:\WINDOWS\system32\WINMM.dll
0x76bf0000 - 0x76bfb000 	C:\WINDOWS\system32\PSAPI.DLL
0x6e810000 - 0x6e81c000 	C:\work\apps\jdk1.7.0_21\jre\bin\verify.dll
0x6d5a0000 - 0x6d5c0000 	C:\work\apps\jdk1.7.0_21\jre\bin\java.dll
0x6d6c0000 - 0x6d6ea000 	C:\work\apps\jdk1.7.0_21\jre\bin\jdwp.dll
0x6e670000 - 0x6e677000 	C:\work\apps\jdk1.7.0_21\jre\bin\npt.dll
0x6e8a0000 - 0x6e8b3000 	C:\work\apps\jdk1.7.0_21\jre\bin\zip.dll
0x6d350000 - 0x6d358000 	C:\work\apps\jdk1.7.0_21\jre\bin\dt_socket.dll
0x71a50000 - 0x71a8f000 	C:\WINDOWS\System32\mswsock.dll
0x76f20000 - 0x76f47000 	C:\WINDOWS\system32\DNSAPI.dll
0x76d60000 - 0x76d79000 	C:\WINDOWS\system32\iphlpapi.dll
0x76fb0000 - 0x76fb8000 	C:\WINDOWS\System32\winrnr.dll
0x76f60000 - 0x76f8c000 	C:\WINDOWS\system32\WLDAP32.dll
0x76fc0000 - 0x76fc6000 	C:\WINDOWS\system32\rasadhlp.dll
0x662b0000 - 0x66308000 	C:\WINDOWS\system32\hnetcfg.dll
0x71a90000 - 0x71a98000 	C:\WINDOWS\System32\wshtcpip.dll
0x6e5c0000 - 0x6e5d4000 	C:\work\apps\jdk1.7.0_21\jre\bin\net.dll
0x6e5e0000 - 0x6e5ee000 	C:\work\apps\jdk1.7.0_21\jre\bin\nio.dll
0x59a60000 - 0x59b01000 	C:\WINDOWS\system32\dbghelp.dll
0x77c00000 - 0x77c08000 	C:\WINDOWS\system32\VERSION.dll

VM Arguments:
jvm_args: -agentlib:jdwp=transport=dt_socket,suspend=y,address=localhost:2759 -Dfile.encoding=UTF-8 -Duser.home=H:\Apps\Profile\Java 
java_command: org.eclipse.jdt.internal.junit.runner.RemoteTestRunner -version 3 -port 2758 -testLoaderClass org.eclipse.jdt.internal.junit4.runner.JUnit4TestLoader -loaderpluginname org.eclipse.jdt.junit4.runtime -classNames test.Id3Test
Launcher Type: SUN_STANDARD

Environment Variables:
JAVA_HOME=C:\work\apps\jdk1.7.0_21
_JAVA_OPTIONS=-Duser.home=H:\Apps\Profile\Java
PATH=C:\work\apps\jdk1.7.0_21\jre\bin;C:/Program Files/Java/1.7.0_40/bin/client;C:/Program Files/Java/1.7.0_40/bin;C:/Program Files/Java/1.7.0_40/lib/i386;C:\Program Files\IBM\RationalSDLC\common;C:\WINDOWS\system32;C:\WINDOWS;C:\WINDOWS\System32\Wbem;C:\Program Files\Windows Imaging\;C:\Program Files\UltraEdit-32;C:\Program Files\IBM\RationalSDLC\ClearCase\bin;C:\WINDOWS\system32\WindowsPowerShell\v1.0;C:\Program Files\Microsoft Team Foundation Server 2010 Power Tools\;BPADir;C:\Program Files\Enterprise Vault\EVClient\;H:\My Documents\work\apps\apache-maven-3.0.4\bin;C:\work\apps\jre1.7\jre1.7.0_55\bin;H:\My Documents\work\apps\aspectj\bin;C:\work\apps\jdk1.6.0_35\jre\bin\client;H:\My Documents\work\apps\putty;c:\work\apps\python;c:\work\apps\cygwin\bin;C:\work\apps\eclipse;
USERNAME=eh2zamf
OS=Windows_NT
PROCESSOR_IDENTIFIER=x86 Family 6 Model 58 Stepping 9, GenuineIntel



---------------  S Y S T E M  ---------------

OS: Windows XP Build 2600 Service Pack 3

CPU:total 4 (2 cores per cpu, 2 threads per core) family 6 model 58 stepping 9, cmov, cx8, fxsr, mmx, sse, sse2, sse3, ssse3, sse4.1, sse4.2, popcnt, ht, tsc, tscinvbit, tscinv

Memory: 4k page, physical 3648468k(1187724k free), swap 5571992k(2961012k free)

vm_info: Java HotSpot(TM) Client VM (23.21-b01) for windows-x86 JRE (1.7.0_21-b11), built on Apr  4 2013 04:43:10 by "java_re" with unknown MS VC++:1600

time: Tue Jan 12 16:15:53 2016
elapsed time: 2247 seconds

